<?xml version="1.0" encoding="UTF-8"?>
<testsuite xmlns:xsi="http://www.w3.org/2001/XMLSchema-instance" xsi:noNamespaceSchemaLocation="https://maven.apache.org/surefire/maven-surefire-plugin/xsd/surefire-test-report.xsd" name="com.miaoshaproject.AppTest" time="0.073" tests="1" errors="0" skipped="0" failures="0">
  <properties>
    <property name="sun.desktop" value="windows"/>
    <property name="awt.toolkit" value="sun.awt.windows.WToolkit"/>
    <property name="file.encoding.pkg" value="sun.io"/>
    <property name="java.specification.version" value="1.8"/>
    <property name="sun.cpu.isalist" value="amd64"/>
    <property name="sun.jnu.encoding" value="GBK"/>
    <property name="java.class.path" value="E:\java\miaosha\target\test-classes;E:\java\miaosha\target\classes;D:\Java\repo\org\springframework\boot\spring-boot-starter-web\2.1.4.RELEASE\spring-boot-starter-web-2.1.4.RELEASE.jar;D:\Java\repo\org\springframework\boot\spring-boot-starter\2.1.4.RELEASE\spring-boot-starter-2.1.4.RELEASE.jar;D:\Java\repo\org\springframework\boot\spring-boot\2.1.4.RELEASE\spring-boot-2.1.4.RELEASE.jar;D:\Java\repo\org\springframework\boot\spring-boot-autoconfigure\2.1.4.RELEASE\spring-boot-autoconfigure-2.1.4.RELEASE.jar;D:\Java\repo\org\springframework\boot\spring-boot-starter-logging\2.1.4.RELEASE\spring-boot-starter-logging-2.1.4.RELEASE.jar;D:\Java\repo\ch\qos\logback\logback-classic\1.2.3\logback-classic-1.2.3.jar;D:\Java\repo\ch\qos\logback\logback-core\1.2.3\logback-core-1.2.3.jar;D:\Java\repo\org\apache\logging\log4j\log4j-to-slf4j\2.11.2\log4j-to-slf4j-2.11.2.jar;D:\Java\repo\org\apache\logging\log4j\log4j-api\2.11.2\log4j-api-2.11.2.jar;D:\Java\repo\org\slf4j\jul-to-slf4j\1.7.26\jul-to-slf4j-1.7.26.jar;D:\Java\repo\javax\annotation\javax.annotation-api\1.3.2\javax.annotation-api-1.3.2.jar;D:\Java\repo\org\springframework\spring-core\5.1.6.RELEASE\spring-core-5.1.6.RELEASE.jar;D:\Java\repo\org\springframework\spring-jcl\5.1.6.RELEASE\spring-jcl-5.1.6.RELEASE.jar;D:\Java\repo\org\yaml\snakeyaml\1.23\snakeyaml-1.23.jar;D:\Java\repo\org\springframework\boot\spring-boot-starter-json\2.1.4.RELEASE\spring-boot-starter-json-2.1.4.RELEASE.jar;D:\Java\repo\com\fasterxml\jackson\core\jackson-databind\2.9.8\jackson-databind-2.9.8.jar;D:\Java\repo\com\fasterxml\jackson\core\jackson-annotations\2.9.0\jackson-annotations-2.9.0.jar;D:\Java\repo\com\fasterxml\jackson\core\jackson-core\2.9.8\jackson-core-2.9.8.jar;D:\Java\repo\com\fasterxml\jackson\datatype\jackson-datatype-jdk8\2.9.8\jackson-datatype-jdk8-2.9.8.jar;D:\Java\repo\com\fasterxml\jackson\datatype\jackson-datatype-jsr310\2.9.8\jackson-datatype-jsr310-2.9.8.jar;D:\Java\repo\com\fasterxml\jackson\module\jackson-module-parameter-names\2.9.8\jackson-module-parameter-names-2.9.8.jar;D:\Java\repo\org\springframework\boot\spring-boot-starter-tomcat\2.1.4.RELEASE\spring-boot-starter-tomcat-2.1.4.RELEASE.jar;D:\Java\repo\org\apache\tomcat\embed\tomcat-embed-core\9.0.17\tomcat-embed-core-9.0.17.jar;D:\Java\repo\org\apache\tomcat\embed\tomcat-embed-el\9.0.17\tomcat-embed-el-9.0.17.jar;D:\Java\repo\org\apache\tomcat\embed\tomcat-embed-websocket\9.0.17\tomcat-embed-websocket-9.0.17.jar;D:\Java\repo\org\hibernate\validator\hibernate-validator\6.0.16.Final\hibernate-validator-6.0.16.Final.jar;D:\Java\repo\javax\validation\validation-api\2.0.1.Final\validation-api-2.0.1.Final.jar;D:\Java\repo\org\jboss\logging\jboss-logging\3.3.2.Final\jboss-logging-3.3.2.Final.jar;D:\Java\repo\com\fasterxml\classmate\1.4.0\classmate-1.4.0.jar;D:\Java\repo\org\springframework\spring-web\5.1.6.RELEASE\spring-web-5.1.6.RELEASE.jar;D:\Java\repo\org\springframework\spring-beans\5.1.6.RELEASE\spring-beans-5.1.6.RELEASE.jar;D:\Java\repo\org\springframework\spring-webmvc\5.1.6.RELEASE\spring-webmvc-5.1.6.RELEASE.jar;D:\Java\repo\org\springframework\spring-aop\5.1.6.RELEASE\spring-aop-5.1.6.RELEASE.jar;D:\Java\repo\org\springframework\spring-context\5.1.6.RELEASE\spring-context-5.1.6.RELEASE.jar;D:\Java\repo\org\springframework\spring-expression\5.1.6.RELEASE\spring-expression-5.1.6.RELEASE.jar;D:\Java\repo\mysql\mysql-connector-java\5.1.41\mysql-connector-java-5.1.41.jar;D:\Java\repo\com\alibaba\druid\1.1.3\druid-1.1.3.jar;D:\Java\JDK1.8\jre\..\lib\jconsole.jar;D:\Java\JDK1.8\jre\..\lib\tools.jar;D:\Java\repo\org\mybatis\spring\boot\mybatis-spring-boot-starter\1.3.1\mybatis-spring-boot-starter-1.3.1.jar;D:\Java\repo\org\springframework\boot\spring-boot-starter-jdbc\2.1.4.RELEASE\spring-boot-starter-jdbc-2.1.4.RELEASE.jar;D:\Java\repo\com\zaxxer\HikariCP\3.2.0\HikariCP-3.2.0.jar;D:\Java\repo\org\slf4j\slf4j-api\1.7.26\slf4j-api-1.7.26.jar;D:\Java\repo\org\springframework\spring-jdbc\5.1.6.RELEASE\spring-jdbc-5.1.6.RELEASE.jar;D:\Java\repo\org\springframework\spring-tx\5.1.6.RELEASE\spring-tx-5.1.6.RELEASE.jar;D:\Java\repo\org\mybatis\spring\boot\mybatis-spring-boot-autoconfigure\1.3.1\mybatis-spring-boot-autoconfigure-1.3.1.jar;D:\Java\repo\org\mybatis\mybatis\3.4.5\mybatis-3.4.5.jar;D:\Java\repo\org\mybatis\mybatis-spring\1.3.1\mybatis-spring-1.3.1.jar;D:\Java\repo\junit\junit\4.11\junit-4.11.jar;D:\Java\repo\org\hamcrest\hamcrest-core\1.3\hamcrest-core-1.3.jar;"/>
    <property name="java.vm.vendor" value="Oracle Corporation"/>
    <property name="sun.arch.data.model" value="64"/>
    <property name="user.variant" value=""/>
    <property name="java.vendor.url" value="http://java.oracle.com/"/>
    <property name="user.timezone" value="Asia/Shanghai"/>
    <property name="java.vm.specification.version" value="1.8"/>
    <property name="os.name" value="Windows 7"/>
    <property name="user.country" value="CN"/>
    <property name="sun.java.launcher" value="SUN_STANDARD"/>
    <property name="sun.boot.library.path" value="D:\Java\JDK1.8\jre\bin"/>
    <property name="sun.java.command" value="C:\Users\Nelo\AppData\Local\Temp\surefire123679634964136309\surefirebooter4622579289361366096.jar C:\Users\Nelo\AppData\Local\Temp\surefire123679634964136309 2019-05-29T22-24-25_165-jvmRun1 surefire7128839265609837382tmp surefire_04464390086200681051tmp"/>
    <property name="surefire.test.class.path" value="E:\java\miaosha\target\test-classes;E:\java\miaosha\target\classes;D:\Java\repo\org\springframework\boot\spring-boot-starter-web\2.1.4.RELEASE\spring-boot-starter-web-2.1.4.RELEASE.jar;D:\Java\repo\org\springframework\boot\spring-boot-starter\2.1.4.RELEASE\spring-boot-starter-2.1.4.RELEASE.jar;D:\Java\repo\org\springframework\boot\spring-boot\2.1.4.RELEASE\spring-boot-2.1.4.RELEASE.jar;D:\Java\repo\org\springframework\boot\spring-boot-autoconfigure\2.1.4.RELEASE\spring-boot-autoconfigure-2.1.4.RELEASE.jar;D:\Java\repo\org\springframework\boot\spring-boot-starter-logging\2.1.4.RELEASE\spring-boot-starter-logging-2.1.4.RELEASE.jar;D:\Java\repo\ch\qos\logback\logback-classic\1.2.3\logback-classic-1.2.3.jar;D:\Java\repo\ch\qos\logback\logback-core\1.2.3\logback-core-1.2.3.jar;D:\Java\repo\org\apache\logging\log4j\log4j-to-slf4j\2.11.2\log4j-to-slf4j-2.11.2.jar;D:\Java\repo\org\apache\logging\log4j\log4j-api\2.11.2\log4j-api-2.11.2.jar;D:\Java\repo\org\slf4j\jul-to-slf4j\1.7.26\jul-to-slf4j-1.7.26.jar;D:\Java\repo\javax\annotation\javax.annotation-api\1.3.2\javax.annotation-api-1.3.2.jar;D:\Java\repo\org\springframework\spring-core\5.1.6.RELEASE\spring-core-5.1.6.RELEASE.jar;D:\Java\repo\org\springframework\spring-jcl\5.1.6.RELEASE\spring-jcl-5.1.6.RELEASE.jar;D:\Java\repo\org\yaml\snakeyaml\1.23\snakeyaml-1.23.jar;D:\Java\repo\org\springframework\boot\spring-boot-starter-json\2.1.4.RELEASE\spring-boot-starter-json-2.1.4.RELEASE.jar;D:\Java\repo\com\fasterxml\jackson\core\jackson-databind\2.9.8\jackson-databind-2.9.8.jar;D:\Java\repo\com\fasterxml\jackson\core\jackson-annotations\2.9.0\jackson-annotations-2.9.0.jar;D:\Java\repo\com\fasterxml\jackson\core\jackson-core\2.9.8\jackson-core-2.9.8.jar;D:\Java\repo\com\fasterxml\jackson\datatype\jackson-datatype-jdk8\2.9.8\jackson-datatype-jdk8-2.9.8.jar;D:\Java\repo\com\fasterxml\jackson\datatype\jackson-datatype-jsr310\2.9.8\jackson-datatype-jsr310-2.9.8.jar;D:\Java\repo\com\fasterxml\jackson\module\jackson-module-parameter-names\2.9.8\jackson-module-parameter-names-2.9.8.jar;D:\Java\repo\org\springframework\boot\spring-boot-starter-tomcat\2.1.4.RELEASE\spring-boot-starter-tomcat-2.1.4.RELEASE.jar;D:\Java\repo\org\apache\tomcat\embed\tomcat-embed-core\9.0.17\tomcat-embed-core-9.0.17.jar;D:\Java\repo\org\apache\tomcat\embed\tomcat-embed-el\9.0.17\tomcat-embed-el-9.0.17.jar;D:\Java\repo\org\apache\tomcat\embed\tomcat-embed-websocket\9.0.17\tomcat-embed-websocket-9.0.17.jar;D:\Java\repo\org\hibernate\validator\hibernate-validator\6.0.16.Final\hibernate-validator-6.0.16.Final.jar;D:\Java\repo\javax\validation\validation-api\2.0.1.Final\validation-api-2.0.1.Final.jar;D:\Java\repo\org\jboss\logging\jboss-logging\3.3.2.Final\jboss-logging-3.3.2.Final.jar;D:\Java\repo\com\fasterxml\classmate\1.4.0\classmate-1.4.0.jar;D:\Java\repo\org\springframework\spring-web\5.1.6.RELEASE\spring-web-5.1.6.RELEASE.jar;D:\Java\repo\org\springframework\spring-beans\5.1.6.RELEASE\spring-beans-5.1.6.RELEASE.jar;D:\Java\repo\org\springframework\spring-webmvc\5.1.6.RELEASE\spring-webmvc-5.1.6.RELEASE.jar;D:\Java\repo\org\springframework\spring-aop\5.1.6.RELEASE\spring-aop-5.1.6.RELEASE.jar;D:\Java\repo\org\springframework\spring-context\5.1.6.RELEASE\spring-context-5.1.6.RELEASE.jar;D:\Java\repo\org\springframework\spring-expression\5.1.6.RELEASE\spring-expression-5.1.6.RELEASE.jar;D:\Java\repo\mysql\mysql-connector-java\5.1.41\mysql-connector-java-5.1.41.jar;D:\Java\repo\com\alibaba\druid\1.1.3\druid-1.1.3.jar;D:\Java\JDK1.8\jre\..\lib\jconsole.jar;D:\Java\JDK1.8\jre\..\lib\tools.jar;D:\Java\repo\org\mybatis\spring\boot\mybatis-spring-boot-starter\1.3.1\mybatis-spring-boot-starter-1.3.1.jar;D:\Java\repo\org\springframework\boot\spring-boot-starter-jdbc\2.1.4.RELEASE\spring-boot-starter-jdbc-2.1.4.RELEASE.jar;D:\Java\repo\com\zaxxer\HikariCP\3.2.0\HikariCP-3.2.0.jar;D:\Java\repo\org\slf4j\slf4j-api\1.7.26\slf4j-api-1.7.26.jar;D:\Java\repo\org\springframework\spring-jdbc\5.1.6.RELEASE\spring-jdbc-5.1.6.RELEASE.jar;D:\Java\repo\org\springframework\spring-tx\5.1.6.RELEASE\spring-tx-5.1.6.RELEASE.jar;D:\Java\repo\org\mybatis\spring\boot\mybatis-spring-boot-autoconfigure\1.3.1\mybatis-spring-boot-autoconfigure-1.3.1.jar;D:\Java\repo\org\mybatis\mybatis\3.4.5\mybatis-3.4.5.jar;D:\Java\repo\org\mybatis\mybatis-spring\1.3.1\mybatis-spring-1.3.1.jar;D:\Java\repo\junit\junit\4.11\junit-4.11.jar;D:\Java\repo\org\hamcrest\hamcrest-core\1.3\hamcrest-core-1.3.jar;"/>
    <property name="sun.cpu.endian" value="little"/>
    <property name="user.home" value="C:\Users\Nelo"/>
    <property name="user.language" value="zh"/>
    <property name="java.specification.vendor" value="Oracle Corporation"/>
    <property name="java.home" value="D:\Java\JDK1.8\jre"/>
    <property name="basedir" value="E:\java\miaosha"/>
    <property name="file.separator" value="\"/>
    <property name="line.separator" value="&#10;"/>
    <property name="java.vm.specification.vendor" value="Oracle Corporation"/>
    <property name="java.specification.name" value="Java Platform API Specification"/>
    <property name="java.awt.graphicsenv" value="sun.awt.Win32GraphicsEnvironment"/>
    <property name="surefire.real.class.path" value="C:\Users\Nelo\AppData\Local\Temp\surefire123679634964136309\surefirebooter4622579289361366096.jar"/>
    <property name="sun.boot.class.path" value="D:\Java\JDK1.8\jre\lib\resources.jar;D:\Java\JDK1.8\jre\lib\rt.jar;D:\Java\JDK1.8\jre\lib\sunrsasign.jar;D:\Java\JDK1.8\jre\lib\jsse.jar;D:\Java\JDK1.8\jre\lib\jce.jar;D:\Java\JDK1.8\jre\lib\charsets.jar;D:\Java\JDK1.8\jre\lib\jfr.jar;D:\Java\JDK1.8\jre\classes"/>
    <property name="user.script" value=""/>
    <property name="sun.management.compiler" value="HotSpot 64-Bit Tiered Compilers"/>
    <property name="java.runtime.version" value="1.8.0_191-b12"/>
    <property name="user.name" value="Nelo"/>
    <property name="path.separator" value=";"/>
    <property name="os.version" value="6.1"/>
    <property name="java.endorsed.dirs" value="D:\Java\JDK1.8\jre\lib\endorsed"/>
    <property name="java.runtime.name" value="Java(TM) SE Runtime Environment"/>
    <property name="file.encoding" value="GBK"/>
    <property name="java.vm.name" value="Java HotSpot(TM) 64-Bit Server VM"/>
    <property name="localRepository" value="D:\Java\repo"/>
    <property name="java.vendor.url.bug" value="http://bugreport.sun.com/bugreport/"/>
    <property name="java.io.tmpdir" value="C:\Users\Nelo\AppData\Local\Temp\"/>
    <property name="idea.version" value="2017.2.1"/>
    <property name="java.version" value="1.8.0_191"/>
    <property name="user.dir" value="E:\java\miaosha"/>
    <property name="os.arch" value="amd64"/>
    <property name="java.vm.specification.name" value="Java Virtual Machine Specification"/>
    <property name="java.awt.printerjob" value="sun.awt.windows.WPrinterJob"/>
    <property name="sun.os.patch.level" value="Service Pack 1"/>
    <property name="java.library.path" value="D:\Java\JDK1.8\jre\bin;C:\Windows\Sun\Java\bin;C:\Windows\system32;C:\Windows;C:\Program Files (x86)\Common Files\Oracle\Java\javapath;C:\Program Files (x86)\NVIDIA Corporation\PhysX\Common;C:\Program Files (x86)\Intel\iCLS Client\;C:\Program Files\Intel\iCLS Client\;C:\Program Files\Broadcom\Broadcom 802.11 Network Adapter\Driver;C:\Windows\system32;C:\Windows;C:\Windows\System32\Wbem;C:\Windows\System32\WindowsPowerShell\v1.0\;C:\Program Files\Intel\Intel(R) Management Engine Components\DAL;C:\Program Files\Intel\Intel(R) Management Engine Components\IPT;C:\Program Files (x86)\Intel\Intel(R) Management Engine Components\DAL;C:\Program Files (x86)\Intel\Intel(R) Management Engine Components\IPT;C:\Program Files\Lenovo\Bluetooth Software\;C:\Program Files\Lenovo\Bluetooth Software\syswow64;C:\Program Files (x86)\GtkSharp\2.12\bin;D:\SVN\bin;D:\phpStudy\PHPTutorial\php\php-7.2.1-nts;C:\ProgramData\ComposerSetup\bin;D:\nodejs\;D:\Git\cmd;C:\Android;C:\Windows\System32;C:\Program Files (x86)\Intel\OpenCL SDK\3.0\bin\x86;C:\Program Files (x86)\Intel\OpenCL SDK\3.0\bin\x64;%JAVA_HOME%\bin;%JAVA_HOME%\jre\bin;D:\Java\apache-maven-3.6.0\bin;C:\Users\Nelo\AppData\Local\Programs\Python\Python35\Scripts\;C:\Users\Nelo\AppData\Local\Programs\Python\Python35\;C:\Users\Nelo\AppData\Roaming\Composer\vendor\bin;C:\Users\Nelo\AppData\Roaming\npm;D:\Microsoft VS Code\bin;.;;.;;.;;."/>
    <property name="java.vm.info" value="mixed mode"/>
    <property name="java.vendor" value="Oracle Corporation"/>
    <property name="java.vm.version" value="25.191-b12"/>
    <property name="java.ext.dirs" value="D:\Java\JDK1.8\jre\lib\ext;C:\Windows\Sun\Java\lib\ext"/>
    <property name="sun.io.unicode.encoding" value="UnicodeLittle"/>
    <property name="maven.repo.local" value="D:\Java\repo"/>
    <property name="java.class.version" value="52.0"/>
  </properties>
  <testcase name="shouldAnswerWithTrue" classname="com.miaoshaproject.AppTest" time="0.005"/>
</testsuite>